<?xml version="1.0" encoding="UTF-8"?>
<testng-results total="4" passed="4" failed="0" skipped="0">
  <reporter-output>
  </reporter-output>
  <suite started-at="2020-12-18T01:11:16Z" name="Suite" finished-at="2020-12-18T01:11:25Z" duration-ms="9167">
    <groups>
    </groups>
    <test started-at="2020-12-18T01:11:16Z" name="Test" finished-at="2020-12-18T01:11:25Z" duration-ms="9167">
      <class name="SeleniumAutomation.InterviewQuestion.API">
        <test-method is-config="true" signature="Date()[pri:0, instance:SeleniumAutomation.InterviewQuestion.API@305ffe9e]" started-at="2020-12-18T06:41:16Z" name="Date" finished-at="2020-12-18T06:41:16Z" duration-ms="108" status="PASS">
          <reporter-output>
          </reporter-output>
        </test-method> <!-- Date -->
        <test-method signature="RatesAPI(java.lang.String)[pri:0, instance:SeleniumAutomation.InterviewQuestion.API@305ffe9e]" started-at="2020-12-18T06:41:16Z" name="RatesAPI" finished-at="2020-12-18T06:41:22Z" duration-ms="5843" status="PASS">
          <params>
            <param index="0">
              <value>
                <![CDATA[https://api.ratesapi.io/api/]]>
              </value>
            </param>
          </params>
          <reporter-output>
          </reporter-output>
        </test-method> <!-- RatesAPI -->
        <test-method signature="RatesWrongAPI(java.lang.String)[pri:0, instance:SeleniumAutomation.InterviewQuestion.API@305ffe9e]" started-at="2020-12-18T06:41:22Z" name="RatesWrongAPI" finished-at="2020-12-18T06:41:23Z" duration-ms="1043" status="PASS">
          <params>
            <param index="0">
              <value>
                <![CDATA[https://api.ratesapi.io/api/]]>
              </value>
            </param>
          </params>
          <reporter-output>
          </reporter-output>
        </test-method> <!-- RatesWrongAPI -->
        <test-method signature="RatesAPIForDate(java.lang.String, java.lang.String)[pri:0, instance:SeleniumAutomation.InterviewQuestion.API@305ffe9e]" started-at="2020-12-18T06:41:23Z" name="RatesAPIForDate" finished-at="2020-12-18T06:41:24Z" duration-ms="1068" status="PASS">
          <params>
            <param index="0">
              <value>
                <![CDATA[https://api.ratesapi.io/api/]]>
              </value>
            </param>
            <param index="1">
              <value>
                <![CDATA[2020-12-01]]>
              </value>
            </param>
          </params>
          <reporter-output>
          </reporter-output>
        </test-method> <!-- RatesAPIForDate -->
        <test-method signature="RatesAPINextDate(java.lang.String, java.lang.String)[pri:0, instance:SeleniumAutomation.InterviewQuestion.API@305ffe9e]" started-at="2020-12-18T06:41:24Z" name="RatesAPINextDate" finished-at="2020-12-18T06:41:25Z" duration-ms="1069" status="PASS">
          <params>
            <param index="0">
              <value>
                <![CDATA[https://api.ratesapi.io/api/]]>
              </value>
            </param>
            <param index="1">
              <value>
                <![CDATA[2020-12-30]]>
              </value>
            </param>
          </params>
          <reporter-output>
          </reporter-output>
        </test-method> <!-- RatesAPINextDate -->
      </class> <!-- SeleniumAutomation.InterviewQuestion.API -->
    </test> <!-- Test -->
  </suite> <!-- Suite -->
</testng-results>
