<?xml version="1.0" encoding="UTF-8"?>
<!-- Generated by org.testng.reporters.JUnitXMLReporter -->
<testsuite hostname="admin-PC" failures="0" tests="4" name="Default test" time="10.881" errors="0" timestamp="17 Dec 2020 14:47:53 GMT">
  <testcase classname="SeleniumAutomation.InterviewQuestion.API" name="RatesAPI" time="6.018"/>
  <testcase classname="SeleniumAutomation.InterviewQuestion.API" name="RatesAPIComingrDate" time="1.79"/>
  <testcase classname="SeleniumAutomation.InterviewQuestion.API" name="RatesAPIForDate" time="1.35"/>
  <testcase classname="SeleniumAutomation.InterviewQuestion.API" name="RatesWrongAPI" time="1.6"/>
</testsuite> <!-- Default test -->
